<?xml version="1.0" encoding="UTF-8"?>
<!-- Generated by org.testng.reporters.JUnitXMLReporter -->
<testsuite ignored="0" name="Test" tests="2" failures="1" timestamp="15 Nov 2017 05:46:01 GMT" time="0.094" errors="0">
  <testcase name="action2" time="0.011" classname="jen.jenkins">
    <failure type="java.lang.AssertionError" message="null">
      <![CDATA[java.lang.AssertionError: null
	at jen.jenkins.action2(jenkins.java:29)
... Removed 27 stack frames]]>
    </failure>
  </testcase> <!-- action2 -->
  <testcase name="action1" time="0.001" classname="jen.jenkins">
    <skipped/>
  </testcase> <!-- action1 -->
</testsuite> <!-- Test -->
