<?xml version="1.0" encoding="UTF-8"?>
<testng-results skipped="0" failed="0" ignored="0" total="1" passed="1">
  <reporter-output>
  </reporter-output>
  <suite name="Suite" duration-ms="76" started-at="2017-11-14T05:32:51Z" finished-at="2017-11-14T05:32:51Z">
    <groups>
    </groups>
    <test name="Test" duration-ms="76" started-at="2017-11-14T05:32:51Z" finished-at="2017-11-14T05:32:51Z">
      <class name="jen.jenkins">
        <test-method status="PASS" signature="test1()[pri:0, instance:jen.jenkins@215be6bb]" name="test1" duration-ms="18" started-at="2017-11-14T11:02:51Z" finished-at="2017-11-14T11:02:51Z">
          <reporter-output>
          </reporter-output>
        </test-method> <!-- test1 -->
      </class> <!-- jen.jenkins -->
    </test> <!-- Test -->
  </suite> <!-- Suite -->
</testng-results>
